<?xml version="1.0" encoding="UTF-8"?>
<testsuite name="PingPongTest" tests="1" skipped="0" failures="0" errors="0" timestamp="2016-04-18T21:18:03" hostname="epicodus-79.local" time="0.001">
  <properties/>
  <testcase name="PingPong_countUpToGivenNumber_Array" classname="PingPongTest" time="0.001"/>
  <system-out><![CDATA[]]></system-out>
  <system-err><![CDATA[]]></system-err>
</testsuite>
